Build started 2014/12/11 23:34:00.
     1>Project "H:\gauss\D3D11GaussianBlur\D3D10GaussianBlur\D3D10GaussianBlur.vcxproj" on node 2 (Build target(s)).
     1>ClCompile:
         D:\Program Files (x86)\Microsoft Visual Studio 12.0\VC\bin\CL.exe /c /Zi /nologo /W3 /WX- /sdl /O2 /Oi /Oy- /GL /D WIN32 /D NDEBUG /D _WINDOWS /D _USE_MATH_DEFINES /D _CRT_SECURE_NO_WARNINGS /D _UNICODE /D UNICODE /Gm- /EHsc /MT /GS /Gy /fp:precise /Zc:wchar_t /Zc:forScope /Yu"stdafx.h" /Fp"Release\D3D10GaussianBlur.pch" /Fo"Release\\" /Fd"Release\vc120.pdb" /Gd /TP /analyze- /errorReport:prompt d3dutil.cpp
         d3dutil.cpp
     1>C:\Program Files (x86)\Microsoft DirectX SDK (June 2010)\Include\D2DErr.h(59): warning C4005: 'D2DERR_WRONG_STATE' : macro redefinition
                 C:\Program Files (x86)\Windows Kits\8.1\Include\shared\winerror.h(50421) : see previous definition of 'D2DERR_WRONG_STATE'
     1>C:\Program Files (x86)\Microsoft DirectX SDK (June 2010)\Include\D2DErr.h(64): warning C4005: 'D2DERR_NOT_INITIALIZED' : macro redefinition
                 C:\Program Files (x86)\Windows Kits\8.1\Include\shared\winerror.h(50430) : see previous definition of 'D2DERR_NOT_INITIALIZED'
     1>C:\Program Files (x86)\Microsoft DirectX SDK (June 2010)\Include\D2DErr.h(69): warning C4005: 'D2DERR_UNSUPPORTED_OPERATION' : macro redefinition
                 C:\Program Files (x86)\Windows Kits\8.1\Include\shared\winerror.h(50439) : see previous definition of 'D2DERR_UNSUPPORTED_OPERATION'
     1>C:\Program Files (x86)\Microsoft DirectX SDK (June 2010)\Include\D2DErr.h(74): warning C4005: 'D2DERR_SCANNER_FAILED' : macro redefinition
                 C:\Program Files (x86)\Windows Kits\8.1\Include\shared\winerror.h(50448) : see previous definition of 'D2DERR_SCANNER_FAILED'
     1>C:\Program Files (x86)\Microsoft DirectX SDK (June 2010)\Include\D2DErr.h(79): warning C4005: 'D2DERR_SCREEN_ACCESS_DENIED' : macro redefinition
                 C:\Program Files (x86)\Windows Kits\8.1\Include\shared\winerror.h(50457) : see previous definition of 'D2DERR_SCREEN_ACCESS_DENIED'
     1>C:\Program Files (x86)\Microsoft DirectX SDK (June 2010)\Include\D2DErr.h(84): warning C4005: 'D2DERR_DISPLAY_STATE_INVALID' : macro redefinition
                 C:\Program Files (x86)\Windows Kits\8.1\Include\shared\winerror.h(50466) : see previous definition of 'D2DERR_DISPLAY_STATE_INVALID'
     1>C:\Program Files (x86)\Microsoft DirectX SDK (June 2010)\Include\D2DErr.h(89): warning C4005: 'D2DERR_ZERO_VECTOR' : macro redefinition
                 C:\Program Files (x86)\Windows Kits\8.1\Include\shared\winerror.h(50475) : see previous definition of 'D2DERR_ZERO_VECTOR'
     1>C:\Program Files (x86)\Microsoft DirectX SDK (June 2010)\Include\D2DErr.h(97): warning C4005: 'D2DERR_INTERNAL_ERROR' : macro redefinition
                 C:\Program Files (x86)\Windows Kits\8.1\Include\shared\winerror.h(50484) : see previous definition of 'D2DERR_INTERNAL_ERROR'
     1>C:\Program Files (x86)\Microsoft DirectX SDK (June 2010)\Include\D2DErr.h(103): warning C4005: 'D2DERR_DISPLAY_FORMAT_NOT_SUPPORTED' : macro redefinition
                 C:\Program Files (x86)\Windows Kits\8.1\Include\shared\winerror.h(50493) : see previous definition of 'D2DERR_DISPLAY_FORMAT_NOT_SUPPORTED'
     1>C:\Program Files (x86)\Microsoft DirectX SDK (June 2010)\Include\D2DErr.h(108): warning C4005: 'D2DERR_INVALID_CALL' : macro redefinition
                 C:\Program Files (x86)\Windows Kits\8.1\Include\shared\winerror.h(50502) : see previous definition of 'D2DERR_INVALID_CALL'
     1>C:\Program Files (x86)\Microsoft DirectX SDK (June 2010)\Include\D2DErr.h(113): warning C4005: 'D2DERR_NO_HARDWARE_DEVICE' : macro redefinition
                 C:\Program Files (x86)\Windows Kits\8.1\Include\shared\winerror.h(50511) : see previous definition of 'D2DERR_NO_HARDWARE_DEVICE'
     1>C:\Program Files (x86)\Microsoft DirectX SDK (June 2010)\Include\D2DErr.h(119): warning C4005: 'D2DERR_RECREATE_TARGET' : macro redefinition
                 C:\Program Files (x86)\Windows Kits\8.1\Include\shared\winerror.h(50520) : see previous definition of 'D2DERR_RECREATE_TARGET'
     1>C:\Program Files (x86)\Microsoft DirectX SDK (June 2010)\Include\D2DErr.h(124): warning C4005: 'D2DERR_TOO_MANY_SHADER_ELEMENTS' : macro redefinition
                 C:\Program Files (x86)\Windows Kits\8.1\Include\shared\winerror.h(50529) : see previous definition of 'D2DERR_TOO_MANY_SHADER_ELEMENTS'
     1>C:\Program Files (x86)\Microsoft DirectX SDK (June 2010)\Include\D2DErr.h(129): warning C4005: 'D2DERR_SHADER_COMPILE_FAILED' : macro redefinition
                 C:\Program Files (x86)\Windows Kits\8.1\Include\shared\winerror.h(50538) : see previous definition of 'D2DERR_SHADER_COMPILE_FAILED'
     1>C:\Program Files (x86)\Microsoft DirectX SDK (June 2010)\Include\D2DErr.h(134): warning C4005: 'D2DERR_MAX_TEXTURE_SIZE_EXCEEDED' : macro redefinition
                 C:\Program Files (x86)\Windows Kits\8.1\Include\shared\winerror.h(50547) : see previous definition of 'D2DERR_MAX_TEXTURE_SIZE_EXCEEDED'
     1>C:\Program Files (x86)\Microsoft DirectX SDK (June 2010)\Include\D2DErr.h(139): warning C4005: 'D2DERR_UNSUPPORTED_VERSION' : macro redefinition
                 C:\Program Files (x86)\Windows Kits\8.1\Include\shared\winerror.h(50556) : see previous definition of 'D2DERR_UNSUPPORTED_VERSION'
     1>C:\Program Files (x86)\Microsoft DirectX SDK (June 2010)\Include\D2DErr.h(144): warning C4005: 'D2DERR_BAD_NUMBER' : macro redefinition
                 C:\Program Files (x86)\Windows Kits\8.1\Include\shared\winerror.h(50565) : see previous definition of 'D2DERR_BAD_NUMBER'
     1>C:\Program Files (x86)\Microsoft DirectX SDK (June 2010)\Include\D2DErr.h(149): warning C4005: 'D2DERR_WRONG_FACTORY' : macro redefinition
                 C:\Program Files (x86)\Windows Kits\8.1\Include\shared\winerror.h(50574) : see previous definition of 'D2DERR_WRONG_FACTORY'
     1>C:\Program Files (x86)\Microsoft DirectX SDK (June 2010)\Include\D2DErr.h(154): warning C4005: 'D2DERR_LAYER_ALREADY_IN_USE' : macro redefinition
                 C:\Program Files (x86)\Windows Kits\8.1\Include\shared\winerror.h(50583) : see previous definition of 'D2DERR_LAYER_ALREADY_IN_USE'
     1>C:\Program Files (x86)\Microsoft DirectX SDK (June 2010)\Include\D2DErr.h(159): warning C4005: 'D2DERR_POP_CALL_DID_NOT_MATCH_PUSH' : macro redefinition
                 C:\Program Files (x86)\Windows Kits\8.1\Include\shared\winerror.h(50592) : see previous definition of 'D2DERR_POP_CALL_DID_NOT_MATCH_PUSH'
     1>C:\Program Files (x86)\Microsoft DirectX SDK (June 2010)\Include\D2DErr.h(164): warning C4005: 'D2DERR_WRONG_RESOURCE_DOMAIN' : macro redefinition
                 C:\Program Files (x86)\Windows Kits\8.1\Include\shared\winerror.h(50601) : see previous definition of 'D2DERR_WRONG_RESOURCE_DOMAIN'
     1>C:\Program Files (x86)\Microsoft DirectX SDK (June 2010)\Include\D2DErr.h(169): warning C4005: 'D2DERR_PUSH_POP_UNBALANCED' : macro redefinition
                 C:\Program Files (x86)\Windows Kits\8.1\Include\shared\winerror.h(50610) : see previous definition of 'D2DERR_PUSH_POP_UNBALANCED'
     1>C:\Program Files (x86)\Microsoft DirectX SDK (June 2010)\Include\D2DErr.h(174): warning C4005: 'D2DERR_RENDER_TARGET_HAS_LAYER_OR_CLIPRECT' : macro redefinition
                 C:\Program Files (x86)\Windows Kits\8.1\Include\shared\winerror.h(50619) : see previous definition of 'D2DERR_RENDER_TARGET_HAS_LAYER_OR_CLIPRECT'
     1>C:\Program Files (x86)\Microsoft DirectX SDK (June 2010)\Include\D2DErr.h(179): warning C4005: 'D2DERR_INCOMPATIBLE_BRUSH_TYPES' : macro redefinition
                 C:\Program Files (x86)\Windows Kits\8.1\Include\shared\winerror.h(50628) : see previous definition of 'D2DERR_INCOMPATIBLE_BRUSH_TYPES'
     1>C:\Program Files (x86)\Microsoft DirectX SDK (June 2010)\Include\D2DErr.h(184): warning C4005: 'D2DERR_WIN32_ERROR' : macro redefinition
                 C:\Program Files (x86)\Windows Kits\8.1\Include\shared\winerror.h(50637) : see previous definition of 'D2DERR_WIN32_ERROR'
     1>C:\Program Files (x86)\Microsoft DirectX SDK (June 2010)\Include\D2DErr.h(189): warning C4005: 'D2DERR_TARGET_NOT_GDI_COMPATIBLE' : macro redefinition
                 C:\Program Files (x86)\Windows Kits\8.1\Include\shared\winerror.h(50646) : see previous definition of 'D2DERR_TARGET_NOT_GDI_COMPATIBLE'
     1>C:\Program Files (x86)\Microsoft DirectX SDK (June 2010)\Include\D2DErr.h(194): warning C4005: 'D2DERR_TEXT_EFFECT_IS_WRONG_TYPE' : macro redefinition
                 C:\Program Files (x86)\Windows Kits\8.1\Include\shared\winerror.h(50655) : see previous definition of 'D2DERR_TEXT_EFFECT_IS_WRONG_TYPE'
     1>C:\Program Files (x86)\Microsoft DirectX SDK (June 2010)\Include\D2DErr.h(201): warning C4005: 'D2DERR_TEXT_RENDERER_NOT_RELEASED' : macro redefinition
                 C:\Program Files (x86)\Windows Kits\8.1\Include\shared\winerror.h(50664) : see previous definition of 'D2DERR_TEXT_RENDERER_NOT_RELEASED'
     1>C:\Program Files (x86)\Microsoft DirectX SDK (June 2010)\Include\D2DErr.h(206): warning C4005: 'D2DERR_EXCEEDS_MAX_BITMAP_SIZE' : macro redefinition
                 C:\Program Files (x86)\Windows Kits\8.1\Include\shared\winerror.h(50673) : see previous definition of 'D2DERR_EXCEEDS_MAX_BITMAP_SIZE'
     1>c:\program files (x86)\microsoft directx sdk (june 2010)\include\dxgitype.h(12): warning C4005: 'DXGI_STATUS_OCCLUDED' : macro redefinition
                 C:\Program Files (x86)\Windows Kits\8.1\Include\shared\winerror.h(50002) : see previous definition of 'DXGI_STATUS_OCCLUDED'
     1>c:\program files (x86)\microsoft directx sdk (june 2010)\include\dxgitype.h(13): warning C4005: 'DXGI_STATUS_CLIPPED' : macro redefinition
                 C:\Program Files (x86)\Windows Kits\8.1\Include\shared\winerror.h(50011) : see previous definition of 'DXGI_STATUS_CLIPPED'
     1>c:\program files (x86)\microsoft directx sdk (june 2010)\include\dxgitype.h(14): warning C4005: 'DXGI_STATUS_NO_REDIRECTION' : macro redefinition
                 C:\Program Files (x86)\Windows Kits\8.1\Include\shared\winerror.h(50020) : see previous definition of 'DXGI_STATUS_NO_REDIRECTION'
     1>c:\program files (x86)\microsoft directx sdk (june 2010)\include\dxgitype.h(15): warning C4005: 'DXGI_STATUS_NO_DESKTOP_ACCESS' : macro redefinition
                 C:\Program Files (x86)\Windows Kits\8.1\Include\shared\winerror.h(50029) : see previous definition of 'DXGI_STATUS_NO_DESKTOP_ACCESS'
     1>c:\program files (x86)\microsoft directx sdk (june 2010)\include\dxgitype.h(16): warning C4005: 'DXGI_STATUS_GRAPHICS_VIDPN_SOURCE_IN_USE' : macro redefinition
                 C:\Program Files (x86)\Windows Kits\8.1\Include\shared\winerror.h(50038) : see previous definition of 'DXGI_STATUS_GRAPHICS_VIDPN_SOURCE_IN_USE'
     1>c:\program files (x86)\microsoft directx sdk (june 2010)\include\dxgitype.h(17): warning C4005: 'DXGI_STATUS_MODE_CHANGED' : macro redefinition
                 C:\Program Files (x86)\Windows Kits\8.1\Include\shared\winerror.h(50047) : see previous definition of 'DXGI_STATUS_MODE_CHANGED'
     1>c:\program files (x86)\microsoft directx sdk (june 2010)\include\dxgitype.h(18): warning C4005: 'DXGI_STATUS_MODE_CHANGE_IN_PROGRESS' : macro redefinition
                 C:\Program Files (x86)\Windows Kits\8.1\Include\shared\winerror.h(50056) : see previous definition of 'DXGI_STATUS_MODE_CHANGE_IN_PROGRESS'
     1>c:\program files (x86)\microsoft directx sdk (june 2010)\include\dxgitype.h(21): warning C4005: 'DXGI_ERROR_INVALID_CALL' : macro redefinition
                 C:\Program Files (x86)\Windows Kits\8.1\Include\shared\winerror.h(50071) : see previous definition of 'DXGI_ERROR_INVALID_CALL'
     1>c:\program files (x86)\microsoft directx sdk (june 2010)\include\dxgitype.h(22): warning C4005: 'DXGI_ERROR_NOT_FOUND' : macro redefinition
                 C:\Program Files (x86)\Windows Kits\8.1\Include\shared\winerror.h(50080) : see previous definition of 'DXGI_ERROR_NOT_FOUND'
     1>c:\program files (x86)\microsoft directx sdk (june 2010)\include\dxgitype.h(23): warning C4005: 'DXGI_ERROR_MORE_DATA' : macro redefinition
                 C:\Program Files (x86)\Windows Kits\8.1\Include\shared\winerror.h(50089) : see previous definition of 'DXGI_ERROR_MORE_DATA'
     1>c:\program files (x86)\microsoft directx sdk (june 2010)\include\dxgitype.h(24): warning C4005: 'DXGI_ERROR_UNSUPPORTED' : macro redefinition
                 C:\Program Files (x86)\Windows Kits\8.1\Include\shared\winerror.h(50098) : see previous definition of 'DXGI_ERROR_UNSUPPORTED'
     1>c:\program files (x86)\microsoft directx sdk (june 2010)\include\dxgitype.h(25): warning C4005: 'DXGI_ERROR_DEVICE_REMOVED' : macro redefinition
                 C:\Program Files (x86)\Windows Kits\8.1\Include\shared\winerror.h(50107) : see previous definition of 'DXGI_ERROR_DEVICE_REMOVED'
     1>c:\program files (x86)\microsoft directx sdk (june 2010)\include\dxgitype.h(26): warning C4005: 'DXGI_ERROR_DEVICE_HUNG' : macro redefinition
                 C:\Program Files (x86)\Windows Kits\8.1\Include\shared\winerror.h(50116) : see previous definition of 'DXGI_ERROR_DEVICE_HUNG'
     1>c:\program files (x86)\microsoft directx sdk (june 2010)\include\dxgitype.h(27): warning C4005: 'DXGI_ERROR_DEVICE_RESET' : macro redefinition
                 C:\Program Files (x86)\Windows Kits\8.1\Include\shared\winerror.h(50126) : see previous definition of 'DXGI_ERROR_DEVICE_RESET'
     1>c:\program files (x86)\microsoft directx sdk (june 2010)\include\dxgitype.h(28): warning C4005: 'DXGI_ERROR_WAS_STILL_DRAWING' : macro redefinition
                 C:\Program Files (x86)\Windows Kits\8.1\Include\shared\winerror.h(50135) : see previous definition of 'DXGI_ERROR_WAS_STILL_DRAWING'
     1>c:\program files (x86)\microsoft directx sdk (june 2010)\include\dxgitype.h(29): warning C4005: 'DXGI_ERROR_FRAME_STATISTICS_DISJOINT' : macro redefinition
                 C:\Program Files (x86)\Windows Kits\8.1\Include\shared\winerror.h(50145) : see previous definition of 'DXGI_ERROR_FRAME_STATISTICS_DISJOINT'
     1>c:\program files (x86)\microsoft directx sdk (june 2010)\include\dxgitype.h(30): warning C4005: 'DXGI_ERROR_GRAPHICS_VIDPN_SOURCE_IN_USE' : macro redefinition
                 C:\Program Files (x86)\Windows Kits\8.1\Include\shared\winerror.h(50154) : see previous definition of 'DXGI_ERROR_GRAPHICS_VIDPN_SOURCE_IN_USE'
     1>c:\program files (x86)\microsoft directx sdk (june 2010)\include\dxgitype.h(31): warning C4005: 'DXGI_ERROR_DRIVER_INTERNAL_ERROR' : macro redefinition
                 C:\Program Files (x86)\Windows Kits\8.1\Include\shared\winerror.h(50164) : see previous definition of 'DXGI_ERROR_DRIVER_INTERNAL_ERROR'
     1>c:\program files (x86)\microsoft directx sdk (june 2010)\include\dxgitype.h(32): warning C4005: 'DXGI_ERROR_NONEXCLUSIVE' : macro redefinition
                 C:\Program Files (x86)\Windows Kits\8.1\Include\shared\winerror.h(50173) : see previous definition of 'DXGI_ERROR_NONEXCLUSIVE'
     1>c:\program files (x86)\microsoft directx sdk (june 2010)\include\dxgitype.h(33): warning C4005: 'DXGI_ERROR_NOT_CURRENTLY_AVAILABLE' : macro redefinition
                 C:\Program Files (x86)\Windows Kits\8.1\Include\shared\winerror.h(50182) : see previous definition of 'DXGI_ERROR_NOT_CURRENTLY_AVAILABLE'
     1>c:\program files (x86)\microsoft directx sdk (june 2010)\include\dxgitype.h(34): warning C4005: 'DXGI_ERROR_REMOTE_CLIENT_DISCONNECTED' : macro redefinition
                 C:\Program Files (x86)\Windows Kits\8.1\Include\shared\winerror.h(50192) : see previous definition of 'DXGI_ERROR_REMOTE_CLIENT_DISCONNECTED'
     1>c:\program files (x86)\microsoft directx sdk (june 2010)\include\dxgitype.h(35): warning C4005: 'DXGI_ERROR_REMOTE_OUTOFMEMORY' : macro redefinition
                 C:\Program Files (x86)\Windows Kits\8.1\Include\shared\winerror.h(50201) : see previous definition of 'DXGI_ERROR_REMOTE_OUTOFMEMORY'
     1>c:\program files (x86)\microsoft directx sdk (june 2010)\include\d3d10.h(608): warning C4005: 'D3D10_ERROR_TOO_MANY_UNIQUE_STATE_OBJECTS' : macro redefinition
                 C:\Program Files (x86)\Windows Kits\8.1\Include\shared\winerror.h(50355) : see previous definition of 'D3D10_ERROR_TOO_MANY_UNIQUE_STATE_OBJECTS'
     1>c:\program files (x86)\microsoft directx sdk (june 2010)\include\d3d10.h(609): warning C4005: 'D3D10_ERROR_FILE_NOT_FOUND' : macro redefinition
                 C:\Program Files (x86)\Windows Kits\8.1\Include\shared\winerror.h(50364) : see previous definition of 'D3D10_ERROR_FILE_NOT_FOUND'
     1>C:\Program Files (x86)\Microsoft DirectX SDK (June 2010)\Include\D3D11.h(917): warning C4005: 'D3D11_ERROR_TOO_MANY_UNIQUE_STATE_OBJECTS' : macro redefinition
                 C:\Program Files (x86)\Windows Kits\8.1\Include\shared\winerror.h(50379) : see previous definition of 'D3D11_ERROR_TOO_MANY_UNIQUE_STATE_OBJECTS'
     1>C:\Program Files (x86)\Microsoft DirectX SDK (June 2010)\Include\D3D11.h(918): warning C4005: 'D3D11_ERROR_FILE_NOT_FOUND' : macro redefinition
                 C:\Program Files (x86)\Windows Kits\8.1\Include\shared\winerror.h(50388) : see previous definition of 'D3D11_ERROR_FILE_NOT_FOUND'
     1>C:\Program Files (x86)\Microsoft DirectX SDK (June 2010)\Include\D3D11.h(919): warning C4005: 'D3D11_ERROR_TOO_MANY_UNIQUE_VIEW_OBJECTS' : macro redefinition
                 C:\Program Files (x86)\Windows Kits\8.1\Include\shared\winerror.h(50398) : see previous definition of 'D3D11_ERROR_TOO_MANY_UNIQUE_VIEW_OBJECTS'
     1>C:\Program Files (x86)\Microsoft DirectX SDK (June 2010)\Include\D3D11.h(920): warning C4005: 'D3D11_ERROR_DEFERRED_CONTEXT_MAP_WITHOUT_INITIAL_DISCARD' : macro redefinition
                 C:\Program Files (x86)\Windows Kits\8.1\Include\shared\winerror.h(50407) : see previous definition of 'D3D11_ERROR_DEFERRED_CONTEXT_MAP_WITHOUT_INITIAL_DISCARD'
     1>d3dutil.cpp(150): warning C4244: 'initializing' : conversion from 'double' to 'float', possible loss of data
     1>d3dutil.cpp(166): warning C4305: 'initializing' : truncation from 'double' to 'float'
     1>d3dutil.cpp(167): warning C4305: 'initializing' : truncation from 'double' to 'float'
     1>d3dutil.cpp(200): warning C4244: '=' : conversion from 'double' to 'float', possible loss of data
     1>d3dutil.cpp(201): warning C4244: '=' : conversion from 'double' to 'float', possible loss of data
     1>d3dutil.cpp(353): warning C4244: 'argument' : conversion from 'double' to 'FLOAT', possible loss of data
     1>d3dutil.cpp(355): warning C4244: 'argument' : conversion from 'double' to 'FLOAT', possible loss of data
     1>d3dutil.cpp(801): warning C4244: '=' : conversion from 'double' to 'float', possible loss of data
     1>d3dutil.cpp(802): warning C4244: '=' : conversion from 'double' to 'float', possible loss of data
     1>d3dutil.cpp(865): warning C4244: 'initializing' : conversion from 'float' to 'int', possible loss of data
     1>d3dutil.cpp(890): warning C4244: '=' : conversion from 'double' to 'UINT', possible loss of data
     1>d3dutil.cpp(903): warning C4244: '=' : conversion from 'double' to 'UINT', possible loss of data
     1>d3dutil.cpp(912): warning C4244: '=' : conversion from 'double' to 'UINT', possible loss of data
       Link:
         D:\Program Files (x86)\Microsoft Visual Studio 12.0\VC\bin\link.exe /ERRORREPORT:PROMPT /OUT:"H:\gauss\D3D11GaussianBlur\Release\D3D10GaussianBlur.exe" /INCREMENTAL:NO /NOLOGO Winmm.lib d3d11.lib d3dx11.lib Windowscodecs.lib D3dcompiler.lib kernel32.lib user32.lib gdi32.lib winspool.lib comdlg32.lib advapi32.lib shell32.lib ole32.lib oleaut32.lib uuid.lib odbc32.lib odbccp32.lib /MANIFEST /MANIFESTUAC:"level='asInvoker' uiAccess='false'" /manifest:embed /DEBUG /PDB:"H:\gauss\D3D11GaussianBlur\Release\D3D10GaussianBlur.pdb" /SUBSYSTEM:WINDOWS /OPT:REF /OPT:ICF /LTCG /TLBID:1 /DYNAMICBASE /NXCOMPAT /IMPLIB:"H:\gauss\D3D11GaussianBlur\Release\D3D10GaussianBlur.lib" /MACHINE:X86 /SAFESEH Release\D3D10GaussianBlur.res
         Release\D3D10GaussianBlur.obj
         Release\d3dutil.obj
         Release\stdafx.obj
         Generating code
     1>h:\gauss\d3d11gaussianblur\d3d10gaussianblur\d3dutil.cpp(392): warning C4715: 'd3d::CreateMeshAndSetVetexBuffer' : not all control paths return a value
     1>h:\gauss\d3d11gaussianblur\d3d10gaussianblur\d3dutil.cpp(339): warning C4715: 'd3d::SetInputLayout' : not all control paths return a value
         Finished generating code
         D3D10GaussianBlur.vcxproj -> H:\gauss\D3D11GaussianBlur\Release\D3D10GaussianBlur.exe
     1>Done Building Project "H:\gauss\D3D11GaussianBlur\D3D10GaussianBlur\D3D10GaussianBlur.vcxproj" (Build target(s)).

Build succeeded.

Time Elapsed 00:00:03.00
